<?xml version="1.0" encoding="UTF-8"?>
<testng-results ignored="0" total="44" passed="44" failed="0" skipped="0">
  <reporter-output>
  </reporter-output>
  <suite started-at="2026-07-12T10:02:44 IST" name="Default suite" finished-at="2026-07-12T10:17:48 IST" duration-ms="903550">
    <groups>
      <group name="cucumber">
        <method signature="AbstractTestNGCucumberTests.runScenario(io.cucumber.testng.PickleWrapper,io.cucumber.testng.FeatureWrapper)[pri:0, instance:runners.TestRunner@31edaa7d]" name="runScenario" class="io.cucumber.testng.AbstractTestNGCucumberTests"/>
      </group> <!-- cucumber -->
    </groups>
    <test started-at="2026-07-12T10:02:44 IST" name="Default test" finished-at="2026-07-12T10:17:48 IST" duration-ms="903550">
      <class name="runners.TestRunner">
        <test-method is-config="true" signature="setUpClass(org.testng.ITestContext)[pri:0, instance:runners.TestRunner@31edaa7d]" started-at="2026-07-12T10:02:44 IST" name="setUpClass" finished-at="2026-07-12T10:02:47 IST" duration-ms="2577" status="PASS">
          <params>
            <param index="0">
              <value>
                <![CDATA[org.testng.TestRunner@7c3b7d7c]]>
              </value>
            </param>
          </params>
          <reporter-output>
          </reporter-output>
        </test-method> <!-- setUpClass -->
        <test-method signature="runScenario(io.cucumber.testng.PickleWrapper,io.cucumber.testng.FeatureWrapper)[pri:0, instance:runners.TestRunner@31edaa7d]" started-at="2026-07-12T10:02:47 IST" name="runScenario" description="Runs Cucumber Scenarios" data-provider="scenarios" finished-at="2026-07-12T10:03:05 IST" duration-ms="18086" status="PASS">
          <params>
            <param index="0">
              <value>
                <![CDATA["Verify user can filter products by brand"]]>
              </value>
            </param>
            <param index="1">
              <value>
                <![CDATA["Brand Filter"]]>
              </value>
            </param>
          </params>
          <reporter-output>
          </reporter-output>
        </test-method> <!-- runScenario -->
        <test-method signature="runScenario(io.cucumber.testng.PickleWrapper,io.cucumber.testng.FeatureWrapper)[pri:0, instance:runners.TestRunner@31edaa7d]" started-at="2026-07-12T10:03:05 IST" name="runScenario" description="Runs Cucumber Scenarios" data-provider="scenarios" finished-at="2026-07-12T10:03:19 IST" duration-ms="14544" status="PASS">
          <params>
            <param index="0">
              <value>
                <![CDATA["Verify user can filter products by brand"]]>
              </value>
            </param>
            <param index="1">
              <value>
                <![CDATA["Brand Filter"]]>
              </value>
            </param>
          </params>
          <reporter-output>
          </reporter-output>
        </test-method> <!-- runScenario -->
        <test-method signature="runScenario(io.cucumber.testng.PickleWrapper,io.cucumber.testng.FeatureWrapper)[pri:0, instance:runners.TestRunner@31edaa7d]" started-at="2026-07-12T10:03:19 IST" name="runScenario" description="Runs Cucumber Scenarios" data-provider="scenarios" finished-at="2026-07-12T10:03:37 IST" duration-ms="17197" status="PASS">
          <params>
            <param index="0">
              <value>
                <![CDATA["Verify user can filter products by brand"]]>
              </value>
            </param>
            <param index="1">
              <value>
                <![CDATA["Brand Filter"]]>
              </value>
            </param>
          </params>
          <reporter-output>
          </reporter-output>
        </test-method> <!-- runScenario -->
        <test-method signature="runScenario(io.cucumber.testng.PickleWrapper,io.cucumber.testng.FeatureWrapper)[pri:0, instance:runners.TestRunner@31edaa7d]" started-at="2026-07-12T10:03:37 IST" name="runScenario" description="Runs Cucumber Scenarios" data-provider="scenarios" finished-at="2026-07-12T10:03:50 IST" duration-ms="13917" status="PASS">
          <params>
            <param index="0">
              <value>
                <![CDATA["Verify user can filter products by brand"]]>
              </value>
            </param>
            <param index="1">
              <value>
                <![CDATA["Brand Filter"]]>
              </value>
            </param>
          </params>
          <reporter-output>
          </reporter-output>
        </test-method> <!-- runScenario -->
        <test-method signature="runScenario(io.cucumber.testng.PickleWrapper,io.cucumber.testng.FeatureWrapper)[pri:0, instance:runners.TestRunner@31edaa7d]" started-at="2026-07-12T10:03:50 IST" name="runScenario" description="Runs Cucumber Scenarios" data-provider="scenarios" finished-at="2026-07-12T10:04:06 IST" duration-ms="15697" status="PASS">
          <params>
            <param index="0">
              <value>
                <![CDATA["Verify user can filter products by brand"]]>
              </value>
            </param>
            <param index="1">
              <value>
                <![CDATA["Brand Filter"]]>
              </value>
            </param>
          </params>
          <reporter-output>
          </reporter-output>
        </test-method> <!-- runScenario -->
        <test-method signature="runScenario(io.cucumber.testng.PickleWrapper,io.cucumber.testng.FeatureWrapper)[pri:0, instance:runners.TestRunner@31edaa7d]" started-at="2026-07-12T10:04:06 IST" name="runScenario" description="Runs Cucumber Scenarios" data-provider="scenarios" finished-at="2026-07-12T10:04:20 IST" duration-ms="13593" status="PASS">
          <params>
            <param index="0">
              <value>
                <![CDATA["Verify user can filter products by brand"]]>
              </value>
            </param>
            <param index="1">
              <value>
                <![CDATA["Brand Filter"]]>
              </value>
            </param>
          </params>
          <reporter-output>
          </reporter-output>
        </test-method> <!-- runScenario -->
        <test-method signature="runScenario(io.cucumber.testng.PickleWrapper,io.cucumber.testng.FeatureWrapper)[pri:0, instance:runners.TestRunner@31edaa7d]" started-at="2026-07-12T10:04:20 IST" name="runScenario" description="Runs Cucumber Scenarios" data-provider="scenarios" finished-at="2026-07-12T10:04:35 IST" duration-ms="14932" status="PASS">
          <params>
            <param index="0">
              <value>
                <![CDATA["Verify user can filter products by brand"]]>
              </value>
            </param>
            <param index="1">
              <value>
                <![CDATA["Brand Filter"]]>
              </value>
            </param>
          </params>
          <reporter-output>
          </reporter-output>
        </test-method> <!-- runScenario -->
        <test-method signature="runScenario(io.cucumber.testng.PickleWrapper,io.cucumber.testng.FeatureWrapper)[pri:0, instance:runners.TestRunner@31edaa7d]" started-at="2026-07-12T10:04:35 IST" name="runScenario" description="Runs Cucumber Scenarios" data-provider="scenarios" finished-at="2026-07-12T10:04:53 IST" duration-ms="17821" status="PASS">
          <params>
            <param index="0">
              <value>
                <![CDATA["Verify user can filter products by brand"]]>
              </value>
            </param>
            <param index="1">
              <value>
                <![CDATA["Brand Filter"]]>
              </value>
            </param>
          </params>
          <reporter-output>
          </reporter-output>
        </test-method> <!-- runScenario -->
        <test-method signature="runScenario(io.cucumber.testng.PickleWrapper,io.cucumber.testng.FeatureWrapper)[pri:0, instance:runners.TestRunner@31edaa7d]" started-at="2026-07-12T10:04:53 IST" name="runScenario" description="Runs Cucumber Scenarios" data-provider="scenarios" finished-at="2026-07-12T10:05:11 IST" duration-ms="18326" status="PASS">
          <params>
            <param index="0">
              <value>
                <![CDATA["Add Products to Cart"]]>
              </value>
            </param>
            <param index="1">
              <value>
                <![CDATA["Cart Functionality"]]>
              </value>
            </param>
          </params>
          <reporter-output>
          </reporter-output>
        </test-method> <!-- runScenario -->
        <test-method signature="runScenario(io.cucumber.testng.PickleWrapper,io.cucumber.testng.FeatureWrapper)[pri:0, instance:runners.TestRunner@31edaa7d]" started-at="2026-07-12T10:05:11 IST" name="runScenario" description="Runs Cucumber Scenarios" data-provider="scenarios" finished-at="2026-07-12T10:05:30 IST" duration-ms="18803" status="PASS">
          <params>
            <param index="0">
              <value>
                <![CDATA["Verify Product Quantity"]]>
              </value>
            </param>
            <param index="1">
              <value>
                <![CDATA["Cart Functionality"]]>
              </value>
            </param>
          </params>
          <reporter-output>
          </reporter-output>
        </test-method> <!-- runScenario -->
        <test-method signature="runScenario(io.cucumber.testng.PickleWrapper,io.cucumber.testng.FeatureWrapper)[pri:0, instance:runners.TestRunner@31edaa7d]" started-at="2026-07-12T10:05:30 IST" name="runScenario" description="Runs Cucumber Scenarios" data-provider="scenarios" finished-at="2026-07-12T10:05:43 IST" duration-ms="13652" status="PASS">
          <params>
            <param index="0">
              <value>
                <![CDATA["Remove Product From Cart"]]>
              </value>
            </param>
            <param index="1">
              <value>
                <![CDATA["Cart Functionality"]]>
              </value>
            </param>
          </params>
          <reporter-output>
          </reporter-output>
        </test-method> <!-- runScenario -->
        <test-method signature="runScenario(io.cucumber.testng.PickleWrapper,io.cucumber.testng.FeatureWrapper)[pri:0, instance:runners.TestRunner@31edaa7d]" started-at="2026-07-12T10:05:43 IST" name="runScenario" description="Runs Cucumber Scenarios" data-provider="scenarios" finished-at="2026-07-12T10:05:55 IST" duration-ms="11703" status="PASS">
          <params>
            <param index="0">
              <value>
                <![CDATA["View Brand Products"]]>
              </value>
            </param>
            <param index="1">
              <value>
                <![CDATA["Cart Functionality"]]>
              </value>
            </param>
          </params>
          <reporter-output>
          </reporter-output>
        </test-method> <!-- runScenario -->
        <test-method signature="runScenario(io.cucumber.testng.PickleWrapper,io.cucumber.testng.FeatureWrapper)[pri:0, instance:runners.TestRunner@31edaa7d]" started-at="2026-07-12T10:05:55 IST" name="runScenario" description="Runs Cucumber Scenarios" data-provider="scenarios" finished-at="2026-07-12T10:06:11 IST" duration-ms="15548" status="PASS">
          <params>
            <param index="0">
              <value>
                <![CDATA["Search Products and Verify Cart"]]>
              </value>
            </param>
            <param index="1">
              <value>
                <![CDATA["Cart Functionality"]]>
              </value>
            </param>
          </params>
          <reporter-output>
          </reporter-output>
        </test-method> <!-- runScenario -->
        <test-method signature="runScenario(io.cucumber.testng.PickleWrapper,io.cucumber.testng.FeatureWrapper)[pri:0, instance:runners.TestRunner@31edaa7d]" started-at="2026-07-12T10:06:11 IST" name="runScenario" description="Runs Cucumber Scenarios" data-provider="scenarios" finished-at="2026-07-12T10:06:26 IST" duration-ms="15107" status="PASS">
          <params>
            <param index="0">
              <value>
                <![CDATA["Verify category filter"]]>
              </value>
            </param>
            <param index="1">
              <value>
                <![CDATA["Category Filter"]]>
              </value>
            </param>
          </params>
          <reporter-output>
          </reporter-output>
        </test-method> <!-- runScenario -->
        <test-method signature="runScenario(io.cucumber.testng.PickleWrapper,io.cucumber.testng.FeatureWrapper)[pri:0, instance:runners.TestRunner@31edaa7d]" started-at="2026-07-12T10:06:26 IST" name="runScenario" description="Runs Cucumber Scenarios" data-provider="scenarios" finished-at="2026-07-12T10:07:12 IST" duration-ms="45996" status="PASS">
          <params>
            <param index="0">
              <value>
                <![CDATA["Verify category filter"]]>
              </value>
            </param>
            <param index="1">
              <value>
                <![CDATA["Category Filter"]]>
              </value>
            </param>
          </params>
          <reporter-output>
          </reporter-output>
        </test-method> <!-- runScenario -->
        <test-method signature="runScenario(io.cucumber.testng.PickleWrapper,io.cucumber.testng.FeatureWrapper)[pri:0, instance:runners.TestRunner@31edaa7d]" started-at="2026-07-12T10:07:12 IST" name="runScenario" description="Runs Cucumber Scenarios" data-provider="scenarios" finished-at="2026-07-12T10:07:28 IST" duration-ms="16802" status="PASS">
          <params>
            <param index="0">
              <value>
                <![CDATA["Verify category filter"]]>
              </value>
            </param>
            <param index="1">
              <value>
                <![CDATA["Category Filter"]]>
              </value>
            </param>
          </params>
          <reporter-output>
          </reporter-output>
        </test-method> <!-- runScenario -->
        <test-method signature="runScenario(io.cucumber.testng.PickleWrapper,io.cucumber.testng.FeatureWrapper)[pri:0, instance:runners.TestRunner@31edaa7d]" started-at="2026-07-12T10:07:28 IST" name="runScenario" description="Runs Cucumber Scenarios" data-provider="scenarios" finished-at="2026-07-12T10:08:00 IST" duration-ms="31552" status="PASS">
          <params>
            <param index="0">
              <value>
                <![CDATA["Place Order - Login Before Checkout"]]>
              </value>
            </param>
            <param index="1">
              <value>
                <![CDATA["Checkout"]]>
              </value>
            </param>
          </params>
          <reporter-output>
          </reporter-output>
        </test-method> <!-- runScenario -->
        <test-method signature="runScenario(io.cucumber.testng.PickleWrapper,io.cucumber.testng.FeatureWrapper)[pri:0, instance:runners.TestRunner@31edaa7d]" started-at="2026-07-12T10:08:00 IST" name="runScenario" description="Runs Cucumber Scenarios" data-provider="scenarios" finished-at="2026-07-12T10:08:40 IST" duration-ms="39636" status="PASS">
          <params>
            <param index="0">
              <value>
                <![CDATA["Place Order - Register Before Checkout"]]>
              </value>
            </param>
            <param index="1">
              <value>
                <![CDATA["Checkout"]]>
              </value>
            </param>
          </params>
          <reporter-output>
          </reporter-output>
        </test-method> <!-- runScenario -->
        <test-method signature="runScenario(io.cucumber.testng.PickleWrapper,io.cucumber.testng.FeatureWrapper)[pri:0, instance:runners.TestRunner@31edaa7d]" started-at="2026-07-12T10:08:40 IST" name="runScenario" description="Runs Cucumber Scenarios" data-provider="scenarios" finished-at="2026-07-12T10:09:47 IST" duration-ms="67151" status="PASS">
          <params>
            <param index="0">
              <value>
                <![CDATA["Place Order - Register While Checkout"]]>
              </value>
            </param>
            <param index="1">
              <value>
                <![CDATA["Checkout"]]>
              </value>
            </param>
          </params>
          <reporter-output>
          </reporter-output>
        </test-method> <!-- runScenario -->
        <test-method signature="runScenario(io.cucumber.testng.PickleWrapper,io.cucumber.testng.FeatureWrapper)[pri:0, instance:runners.TestRunner@31edaa7d]" started-at="2026-07-12T10:09:47 IST" name="runScenario" description="Runs Cucumber Scenarios" data-provider="scenarios" finished-at="2026-07-12T10:10:10 IST" duration-ms="23390" status="PASS">
          <params>
            <param index="0">
              <value>
                <![CDATA["Verify Contact Us Form"]]>
              </value>
            </param>
            <param index="1">
              <value>
                <![CDATA["Contact Us Functionality"]]>
              </value>
            </param>
          </params>
          <reporter-output>
          </reporter-output>
        </test-method> <!-- runScenario -->
        <test-method signature="runScenario(io.cucumber.testng.PickleWrapper,io.cucumber.testng.FeatureWrapper)[pri:0, instance:runners.TestRunner@31edaa7d]" started-at="2026-07-12T10:10:10 IST" name="runScenario" description="Runs Cucumber Scenarios" data-provider="scenarios" finished-at="2026-07-12T10:10:28 IST" duration-ms="18148" status="PASS">
          <params>
            <param index="0">
              <value>
                <![CDATA["Verify Login"]]>
              </value>
            </param>
            <param index="1">
              <value>
                <![CDATA["Login User"]]>
              </value>
            </param>
          </params>
          <reporter-output>
          </reporter-output>
        </test-method> <!-- runScenario -->
        <test-method signature="runScenario(io.cucumber.testng.PickleWrapper,io.cucumber.testng.FeatureWrapper)[pri:0, instance:runners.TestRunner@31edaa7d]" started-at="2026-07-12T10:10:28 IST" name="runScenario" description="Runs Cucumber Scenarios" data-provider="scenarios" finished-at="2026-07-12T10:10:47 IST" duration-ms="18878" status="PASS">
          <params>
            <param index="0">
              <value>
                <![CDATA["Verify Login"]]>
              </value>
            </param>
            <param index="1">
              <value>
                <![CDATA["Login User"]]>
              </value>
            </param>
          </params>
          <reporter-output>
          </reporter-output>
        </test-method> <!-- runScenario -->
        <test-method signature="runScenario(io.cucumber.testng.PickleWrapper,io.cucumber.testng.FeatureWrapper)[pri:0, instance:runners.TestRunner@31edaa7d]" started-at="2026-07-12T10:10:47 IST" name="runScenario" description="Runs Cucumber Scenarios" data-provider="scenarios" finished-at="2026-07-12T10:11:06 IST" duration-ms="19117" status="PASS">
          <params>
            <param index="0">
              <value>
                <![CDATA["Verify Login"]]>
              </value>
            </param>
            <param index="1">
              <value>
                <![CDATA["Login User"]]>
              </value>
            </param>
          </params>
          <reporter-output>
          </reporter-output>
        </test-method> <!-- runScenario -->
        <test-method signature="runScenario(io.cucumber.testng.PickleWrapper,io.cucumber.testng.FeatureWrapper)[pri:0, instance:runners.TestRunner@31edaa7d]" started-at="2026-07-12T10:11:06 IST" name="runScenario" description="Runs Cucumber Scenarios" data-provider="scenarios" finished-at="2026-07-12T10:11:24 IST" duration-ms="17145" status="PASS">
          <params>
            <param index="0">
              <value>
                <![CDATA["Verify Login"]]>
              </value>
            </param>
            <param index="1">
              <value>
                <![CDATA["Login User"]]>
              </value>
            </param>
          </params>
          <reporter-output>
          </reporter-output>
        </test-method> <!-- runScenario -->
        <test-method signature="runScenario(io.cucumber.testng.PickleWrapper,io.cucumber.testng.FeatureWrapper)[pri:0, instance:runners.TestRunner@31edaa7d]" started-at="2026-07-12T10:11:24 IST" name="runScenario" description="Runs Cucumber Scenarios" data-provider="scenarios" finished-at="2026-07-12T10:11:43 IST" duration-ms="19473" status="PASS">
          <params>
            <param index="0">
              <value>
                <![CDATA["Verify Logout"]]>
              </value>
            </param>
            <param index="1">
              <value>
                <![CDATA["Login User"]]>
              </value>
            </param>
          </params>
          <reporter-output>
          </reporter-output>
        </test-method> <!-- runScenario -->
        <test-method signature="runScenario(io.cucumber.testng.PickleWrapper,io.cucumber.testng.FeatureWrapper)[pri:0, instance:runners.TestRunner@31edaa7d]" started-at="2026-07-12T10:11:43 IST" name="runScenario" description="Runs Cucumber Scenarios" data-provider="scenarios" finished-at="2026-07-12T10:12:00 IST" duration-ms="16942" status="PASS">
          <params>
            <param index="0">
              <value>
                <![CDATA["Verify All Products and Product Detail Page"]]>
              </value>
            </param>
            <param index="1">
              <value>
                <![CDATA["Product Module"]]>
              </value>
            </param>
          </params>
          <reporter-output>
          </reporter-output>
        </test-method> <!-- runScenario -->
        <test-method signature="runScenario(io.cucumber.testng.PickleWrapper,io.cucumber.testng.FeatureWrapper)[pri:0, instance:runners.TestRunner@31edaa7d]" started-at="2026-07-12T10:12:00 IST" name="runScenario" description="Runs Cucumber Scenarios" data-provider="scenarios" finished-at="2026-07-12T10:12:16 IST" duration-ms="16280" status="PASS">
          <params>
            <param index="0">
              <value>
                <![CDATA["Search Product"]]>
              </value>
            </param>
            <param index="1">
              <value>
                <![CDATA["Product Module"]]>
              </value>
            </param>
          </params>
          <reporter-output>
          </reporter-output>
        </test-method> <!-- runScenario -->
        <test-method signature="runScenario(io.cucumber.testng.PickleWrapper,io.cucumber.testng.FeatureWrapper)[pri:0, instance:runners.TestRunner@31edaa7d]" started-at="2026-07-12T10:12:16 IST" name="runScenario" description="Runs Cucumber Scenarios" data-provider="scenarios" finished-at="2026-07-12T10:12:28 IST" duration-ms="12079" status="PASS">
          <params>
            <param index="0">
              <value>
                <![CDATA["Verify Search Box is Displayed"]]>
              </value>
            </param>
            <param index="1">
              <value>
                <![CDATA["Product Module"]]>
              </value>
            </param>
          </params>
          <reporter-output>
          </reporter-output>
        </test-method> <!-- runScenario -->
        <test-method signature="runScenario(io.cucumber.testng.PickleWrapper,io.cucumber.testng.FeatureWrapper)[pri:0, instance:runners.TestRunner@31edaa7d]" started-at="2026-07-12T10:12:28 IST" name="runScenario" description="Runs Cucumber Scenarios" data-provider="scenarios" finished-at="2026-07-12T10:12:40 IST" duration-ms="12076" status="PASS">
          <params>
            <param index="0">
              <value>
                <![CDATA["Verify Search Button is Displayed"]]>
              </value>
            </param>
            <param index="1">
              <value>
                <![CDATA["Product Module"]]>
              </value>
            </param>
          </params>
          <reporter-output>
          </reporter-output>
        </test-method> <!-- runScenario -->
        <test-method signature="runScenario(io.cucumber.testng.PickleWrapper,io.cucumber.testng.FeatureWrapper)[pri:0, instance:runners.TestRunner@31edaa7d]" started-at="2026-07-12T10:12:40 IST" name="runScenario" description="Runs Cucumber Scenarios" data-provider="scenarios" finished-at="2026-07-12T10:12:52 IST" duration-ms="11824" status="PASS">
          <params>
            <param index="0">
              <value>
                <![CDATA["Verify First View Product Button"]]>
              </value>
            </param>
            <param index="1">
              <value>
                <![CDATA["Product Module"]]>
              </value>
            </param>
          </params>
          <reporter-output>
          </reporter-output>
        </test-method> <!-- runScenario -->
        <test-method signature="runScenario(io.cucumber.testng.PickleWrapper,io.cucumber.testng.FeatureWrapper)[pri:0, instance:runners.TestRunner@31edaa7d]" started-at="2026-07-12T10:12:52 IST" name="runScenario" description="Runs Cucumber Scenarios" data-provider="scenarios" finished-at="2026-07-12T10:13:03 IST" duration-ms="11150" status="PASS">
          <params>
            <param index="0">
              <value>
                <![CDATA["Verify Product List is Displayed"]]>
              </value>
            </param>
            <param index="1">
              <value>
                <![CDATA["Product Module"]]>
              </value>
            </param>
          </params>
          <reporter-output>
          </reporter-output>
        </test-method> <!-- runScenario -->
        <test-method signature="runScenario(io.cucumber.testng.PickleWrapper,io.cucumber.testng.FeatureWrapper)[pri:0, instance:runners.TestRunner@31edaa7d]" started-at="2026-07-12T10:13:03 IST" name="runScenario" description="Runs Cucumber Scenarios" data-provider="scenarios" finished-at="2026-07-12T10:13:31 IST" duration-ms="27812" status="PASS">
          <params>
            <param index="0">
              <value>
                <![CDATA["Register New User Successfully"]]>
              </value>
            </param>
            <param index="1">
              <value>
                <![CDATA["Register User"]]>
              </value>
            </param>
          </params>
          <reporter-output>
          </reporter-output>
        </test-method> <!-- runScenario -->
        <test-method signature="runScenario(io.cucumber.testng.PickleWrapper,io.cucumber.testng.FeatureWrapper)[pri:0, instance:runners.TestRunner@31edaa7d]" started-at="2026-07-12T10:13:31 IST" name="runScenario" description="Runs Cucumber Scenarios" data-provider="scenarios" finished-at="2026-07-12T10:14:00 IST" duration-ms="28798" status="PASS">
          <params>
            <param index="0">
              <value>
                <![CDATA["Register New User Successfully"]]>
              </value>
            </param>
            <param index="1">
              <value>
                <![CDATA["Register User"]]>
              </value>
            </param>
          </params>
          <reporter-output>
          </reporter-output>
        </test-method> <!-- runScenario -->
        <test-method signature="runScenario(io.cucumber.testng.PickleWrapper,io.cucumber.testng.FeatureWrapper)[pri:0, instance:runners.TestRunner@31edaa7d]" started-at="2026-07-12T10:14:00 IST" name="runScenario" description="Runs Cucumber Scenarios" data-provider="scenarios" finished-at="2026-07-12T10:14:25 IST" duration-ms="25059" status="PASS">
          <params>
            <param index="0">
              <value>
                <![CDATA["Register With Existing Email"]]>
              </value>
            </param>
            <param index="1">
              <value>
                <![CDATA["Register User"]]>
              </value>
            </param>
          </params>
          <reporter-output>
          </reporter-output>
        </test-method> <!-- runScenario -->
        <test-method signature="runScenario(io.cucumber.testng.PickleWrapper,io.cucumber.testng.FeatureWrapper)[pri:0, instance:runners.TestRunner@31edaa7d]" started-at="2026-07-12T10:14:25 IST" name="runScenario" description="Runs Cucumber Scenarios" data-provider="scenarios" finished-at="2026-07-12T10:14:40 IST" duration-ms="15235" status="PASS">
          <params>
            <param index="0">
              <value>
                <![CDATA["Register With Invalid Email"]]>
              </value>
            </param>
            <param index="1">
              <value>
                <![CDATA["Register User"]]>
              </value>
            </param>
          </params>
          <reporter-output>
          </reporter-output>
        </test-method> <!-- runScenario -->
        <test-method signature="runScenario(io.cucumber.testng.PickleWrapper,io.cucumber.testng.FeatureWrapper)[pri:0, instance:runners.TestRunner@31edaa7d]" started-at="2026-07-12T10:14:40 IST" name="runScenario" description="Runs Cucumber Scenarios" data-provider="scenarios" finished-at="2026-07-12T10:14:57 IST" duration-ms="16476" status="PASS">
          <params>
            <param index="0">
              <value>
                <![CDATA["Register Without Name"]]>
              </value>
            </param>
            <param index="1">
              <value>
                <![CDATA["Register User"]]>
              </value>
            </param>
          </params>
          <reporter-output>
          </reporter-output>
        </test-method> <!-- runScenario -->
        <test-method signature="runScenario(io.cucumber.testng.PickleWrapper,io.cucumber.testng.FeatureWrapper)[pri:0, instance:runners.TestRunner@31edaa7d]" started-at="2026-07-12T10:14:57 IST" name="runScenario" description="Runs Cucumber Scenarios" data-provider="scenarios" finished-at="2026-07-12T10:15:11 IST" duration-ms="14715" status="PASS">
          <params>
            <param index="0">
              <value>
                <![CDATA["Register Without Email"]]>
              </value>
            </param>
            <param index="1">
              <value>
                <![CDATA["Register User"]]>
              </value>
            </param>
          </params>
          <reporter-output>
          </reporter-output>
        </test-method> <!-- runScenario -->
        <test-method signature="runScenario(io.cucumber.testng.PickleWrapper,io.cucumber.testng.FeatureWrapper)[pri:0, instance:runners.TestRunner@31edaa7d]" started-at="2026-07-12T10:15:11 IST" name="runScenario" description="Runs Cucumber Scenarios" data-provider="scenarios" finished-at="2026-07-12T10:15:25 IST" duration-ms="13847" status="PASS">
          <params>
            <param index="0">
              <value>
                <![CDATA["Register Without Name And Email"]]>
              </value>
            </param>
            <param index="1">
              <value>
                <![CDATA["Register User"]]>
              </value>
            </param>
          </params>
          <reporter-output>
          </reporter-output>
        </test-method> <!-- runScenario -->
        <test-method signature="runScenario(io.cucumber.testng.PickleWrapper,io.cucumber.testng.FeatureWrapper)[pri:0, instance:runners.TestRunner@31edaa7d]" started-at="2026-07-12T10:15:25 IST" name="runScenario" description="Runs Cucumber Scenarios" data-provider="scenarios" finished-at="2026-07-12T10:15:44 IST" duration-ms="18547" status="PASS">
          <params>
            <param index="0">
              <value>
                <![CDATA["Register With Special Characters In Name"]]>
              </value>
            </param>
            <param index="1">
              <value>
                <![CDATA["Register User"]]>
              </value>
            </param>
          </params>
          <reporter-output>
          </reporter-output>
        </test-method> <!-- runScenario -->
        <test-method signature="runScenario(io.cucumber.testng.PickleWrapper,io.cucumber.testng.FeatureWrapper)[pri:0, instance:runners.TestRunner@31edaa7d]" started-at="2026-07-12T10:15:44 IST" name="runScenario" description="Runs Cucumber Scenarios" data-provider="scenarios" finished-at="2026-07-12T10:16:01 IST" duration-ms="17502" status="PASS">
          <params>
            <param index="0">
              <value>
                <![CDATA["Register With Long Name"]]>
              </value>
            </param>
            <param index="1">
              <value>
                <![CDATA["Register User"]]>
              </value>
            </param>
          </params>
          <reporter-output>
          </reporter-output>
        </test-method> <!-- runScenario -->
        <test-method signature="runScenario(io.cucumber.testng.PickleWrapper,io.cucumber.testng.FeatureWrapper)[pri:0, instance:runners.TestRunner@31edaa7d]" started-at="2026-07-12T10:16:01 IST" name="runScenario" description="Runs Cucumber Scenarios" data-provider="scenarios" finished-at="2026-07-12T10:16:19 IST" duration-ms="17241" status="PASS">
          <params>
            <param index="0">
              <value>
                <![CDATA["Register With Spaces In Name"]]>
              </value>
            </param>
            <param index="1">
              <value>
                <![CDATA["Register User"]]>
              </value>
            </param>
          </params>
          <reporter-output>
          </reporter-output>
        </test-method> <!-- runScenario -->
        <test-method signature="runScenario(io.cucumber.testng.PickleWrapper,io.cucumber.testng.FeatureWrapper)[pri:0, instance:runners.TestRunner@31edaa7d]" started-at="2026-07-12T10:16:19 IST" name="runScenario" description="Runs Cucumber Scenarios" data-provider="scenarios" finished-at="2026-07-12T10:17:18 IST" duration-ms="59191" status="PASS">
          <params>
            <param index="0">
              <value>
                <![CDATA["Register And Logout"]]>
              </value>
            </param>
            <param index="1">
              <value>
                <![CDATA["Register User"]]>
              </value>
            </param>
          </params>
          <reporter-output>
          </reporter-output>
        </test-method> <!-- runScenario -->
        <test-method signature="runScenario(io.cucumber.testng.PickleWrapper,io.cucumber.testng.FeatureWrapper)[pri:0, instance:runners.TestRunner@31edaa7d]" started-at="2026-07-12T10:17:18 IST" name="runScenario" description="Runs Cucumber Scenarios" data-provider="scenarios" finished-at="2026-07-12T10:17:31 IST" duration-ms="12703" status="PASS">
          <params>
            <param index="0">
              <value>
                <![CDATA["Verify Subscription in Home Page"]]>
              </value>
            </param>
            <param index="1">
              <value>
                <![CDATA["Subscription Functionality"]]>
              </value>
            </param>
          </params>
          <reporter-output>
          </reporter-output>
        </test-method> <!-- runScenario -->
        <test-method signature="runScenario(io.cucumber.testng.PickleWrapper,io.cucumber.testng.FeatureWrapper)[pri:0, instance:runners.TestRunner@31edaa7d]" started-at="2026-07-12T10:17:31 IST" name="runScenario" description="Runs Cucumber Scenarios" data-provider="scenarios" finished-at="2026-07-12T10:17:46 IST" duration-ms="15556" status="PASS">
          <params>
            <param index="0">
              <value>
                <![CDATA["Verify Subscription in Cart Page"]]>
              </value>
            </param>
            <param index="1">
              <value>
                <![CDATA["Subscription Functionality"]]>
              </value>
            </param>
          </params>
          <reporter-output>
          </reporter-output>
        </test-method> <!-- runScenario -->
        <test-method is-config="true" signature="tearDownClass()[pri:0, instance:runners.TestRunner@31edaa7d]" started-at="2026-07-12T10:17:46 IST" name="tearDownClass" finished-at="2026-07-12T10:17:48 IST" duration-ms="1471" status="PASS">
          <reporter-output>
          </reporter-output>
        </test-method> <!-- tearDownClass -->
      </class> <!-- runners.TestRunner -->
    </test> <!-- Default test -->
  </suite> <!-- Default suite -->
</testng-results>
