<?xml version="1.0" encoding="UTF-8"?>
<testng-results ignored="0" total="3" passed="3" failed="0" skipped="0">
  <reporter-output>
  </reporter-output>
  <suite started-at="2026-07-07T12:01:25 IST" name="Default suite" finished-at="2026-07-07T12:04:22 IST" duration-ms="176337">
    <groups>
      <group name="cucumber">
        <method signature="AbstractTestNGCucumberTests.runScenario(io.cucumber.testng.PickleWrapper,io.cucumber.testng.FeatureWrapper)[pri:0, instance:runners.TestRunner@31edaa7d]" name="runScenario" class="io.cucumber.testng.AbstractTestNGCucumberTests"/>
      </group> <!-- cucumber -->
    </groups>
    <test started-at="2026-07-07T12:01:25 IST" name="Default test" finished-at="2026-07-07T12:04:22 IST" duration-ms="176337">
      <class name="runners.TestRunner">
        <test-method is-config="true" signature="setUpClass(org.testng.ITestContext)[pri:0, instance:runners.TestRunner@31edaa7d]" started-at="2026-07-07T12:01:25 IST" name="setUpClass" finished-at="2026-07-07T12:01:29 IST" duration-ms="3699" status="PASS">
          <params>
            <param index="0">
              <value>
                <![CDATA[org.testng.TestRunner@3b7b0b57]]>
              </value>
            </param>
          </params>
          <reporter-output>
          </reporter-output>
        </test-method> <!-- setUpClass -->
        <test-method signature="runScenario(io.cucumber.testng.PickleWrapper,io.cucumber.testng.FeatureWrapper)[pri:0, instance:runners.TestRunner@31edaa7d]" started-at="2026-07-07T12:01:29 IST" name="runScenario" description="Runs Cucumber Scenarios" data-provider="scenarios" finished-at="2026-07-07T12:02:28 IST" duration-ms="58261" status="PASS">
          <params>
            <param index="0">
              <value>
                <![CDATA["Place Order - Login Before Checkout"]]>
              </value>
            </param>
            <param index="1">
              <value>
                <![CDATA["Checkout"]]>
              </value>
            </param>
          </params>
          <reporter-output>
          </reporter-output>
        </test-method> <!-- runScenario -->
        <test-method signature="runScenario(io.cucumber.testng.PickleWrapper,io.cucumber.testng.FeatureWrapper)[pri:0, instance:runners.TestRunner@31edaa7d]" started-at="2026-07-07T12:02:28 IST" name="runScenario" description="Runs Cucumber Scenarios" data-provider="scenarios" finished-at="2026-07-07T12:03:21 IST" duration-ms="53188" status="PASS">
          <params>
            <param index="0">
              <value>
                <![CDATA["Place Order - Register Before Checkout"]]>
              </value>
            </param>
            <param index="1">
              <value>
                <![CDATA["Checkout"]]>
              </value>
            </param>
          </params>
          <reporter-output>
          </reporter-output>
        </test-method> <!-- runScenario -->
        <test-method signature="runScenario(io.cucumber.testng.PickleWrapper,io.cucumber.testng.FeatureWrapper)[pri:0, instance:runners.TestRunner@31edaa7d]" started-at="2026-07-07T12:03:21 IST" name="runScenario" description="Runs Cucumber Scenarios" data-provider="scenarios" finished-at="2026-07-07T12:04:20 IST" duration-ms="59472" status="PASS">
          <params>
            <param index="0">
              <value>
                <![CDATA["Place Order - Register While Checkout"]]>
              </value>
            </param>
            <param index="1">
              <value>
                <![CDATA["Checkout"]]>
              </value>
            </param>
          </params>
          <reporter-output>
          </reporter-output>
        </test-method> <!-- runScenario -->
        <test-method is-config="true" signature="tearDownClass()[pri:0, instance:runners.TestRunner@31edaa7d]" started-at="2026-07-07T12:04:20 IST" name="tearDownClass" finished-at="2026-07-07T12:04:22 IST" duration-ms="1517" status="PASS">
          <reporter-output>
          </reporter-output>
        </test-method> <!-- tearDownClass -->
      </class> <!-- runners.TestRunner -->
    </test> <!-- Default test -->
  </suite> <!-- Default suite -->
</testng-results>
