<?xml version="1.0" encoding="UTF-8"?>
<!-- Generated by org.testng.reporters.JUnitReportReporter -->
<testsuite hostname="APL-FJSJTH4" failures="0" tests="30" name="runners.TestRunner" time="751.140" errors="2" timestamp="2026-07-08T12:03:52 IST" skipped="0">
  <testcase classname="runners.TestRunner" name="runScenario" time="21.986"/>
  <testcase classname="runners.TestRunner" name="runScenario" time="16.514"/>
  <testcase classname="runners.TestRunner" name="runScenario" time="37.808"/>
  <testcase classname="runners.TestRunner" name="runScenario" time="15.460"/>
  <testcase classname="runners.TestRunner" name="runScenario" time="37.743"/>
  <testcase classname="runners.TestRunner" name="runScenario" time="33.489"/>
  <testcase classname="runners.TestRunner" name="runScenario" time="33.155"/>
  <testcase classname="runners.TestRunner" name="runScenario" time="15.767"/>
  <testcase classname="runners.TestRunner" name="runScenario" time="12.753"/>
  <testcase classname="runners.TestRunner" name="runScenario" time="33.755"/>
  <testcase classname="runners.TestRunner" name="runScenario" time="14.253"/>
  <testcase classname="runners.TestRunner" name="runScenario" time="12.812"/>
  <testcase classname="runners.TestRunner" name="runScenario" time="15.493"/>
  <testcase classname="runners.TestRunner" name="runScenario" time="18.992"/>
  <testcase classname="runners.TestRunner" name="runScenario" time="45.370"/>
  <testcase classname="runners.TestRunner" name="runScenario" time="17.026"/>
  <testcase classname="runners.TestRunner" name="runScenario" time="22.188"/>
  <testcase classname="runners.TestRunner" name="runScenario" time="29.812"/>
  <testcase classname="runners.TestRunner" name="runScenario" time="14.041"/>
  <testcase classname="runners.TestRunner" name="runScenario" time="72.131"/>
  <testcase classname="runners.TestRunner" name="runScenario" time="15.834"/>
  <testcase classname="runners.TestRunner" name="runScenario" time="15.543"/>
  <testcase classname="runners.TestRunner" name="runScenario" time="18.885">
    <error message="no such element: Unable to locate element: {&quot;method&quot;:&quot;xpath&quot;,&quot;selector&quot;:&quot;//a[text()=&#039; Signup / Login&#039;]&quot;}
  (Session info: chrome=150.0.7871.47)
For documentation on this error, please visit: https://www.selenium.dev/documentation/webdriver/troubleshooting/errors#no-such-element-exception
Build info: version: &#039;4.33.0&#039;, revision: &#039;2c6aaad03a&#039;
System info: os.name: &#039;Windows 11&#039;, os.arch: &#039;amd64&#039;, os.version: &#039;10.0&#039;, java.version: &#039;21.0.9&#039;
Driver info: org.openqa.selenium.chrome.ChromeDriver
Command: [858713f061e897680359dc69ff611ce1, findElement {using=xpath, value=//a[text()=&#039; Signup / Login&#039;]}]
Capabilities {acceptInsecureCerts: false, browserName: chrome, browserVersion: 150.0.7871.47, chrome: {chromedriverVersion: 150.0.7871.49 (7ab03afd1c99..., userDataDir: C:\Users\AS2069~1\AppData\L...}, fedcm:accounts: true, goog:chromeOptions: {debuggerAddress: localhost:60858}, goog:processID: 36916, networkConnectionEnabled: false, pageLoadStrategy: normal, platformName: windows, proxy: Proxy(), se:cdp: ws://localhost:60858/devtoo..., se:cdpVersion: 150.0.7871.47, setWindowRect: true, strictFileInteractability: false, timeouts: {implicit: 0, pageLoad: 300000, script: 30000}, unhandledPromptBehavior: dismiss and notify, webauthn:extension:credBlob: true, webauthn:extension:largeBlob: true, webauthn:extension:minPinLength: true, webauthn:extension:prf: true, webauthn:virtualAuthenticators: true}
Session ID: 858713f061e897680359dc69ff611ce1" type="org.openqa.selenium.NoSuchElementException">
      <![CDATA[org.openqa.selenium.NoSuchElementException: no such element: Unable to locate element: {"method":"xpath","selector":"//a[text()=' Signup / Login']"}
  (Session info: chrome=150.0.7871.47)
For documentation on this error, please visit: https://www.selenium.dev/documentation/webdriver/troubleshooting/errors#no-such-element-exception
Build info: version: '4.33.0', revision: '2c6aaad03a'
System info: os.name: 'Windows 11', os.arch: 'amd64', os.version: '10.0', java.version: '21.0.9'
Driver info: org.openqa.selenium.chrome.ChromeDriver
Command: [858713f061e897680359dc69ff611ce1, findElement {using=xpath, value=//a[text()=' Signup / Login']}]
Capabilities {acceptInsecureCerts: false, browserName: chrome, browserVersion: 150.0.7871.47, chrome: {chromedriverVersion: 150.0.7871.49 (7ab03afd1c99..., userDataDir: C:\Users\AS2069~1\AppData\L...}, fedcm:accounts: true, goog:chromeOptions: {debuggerAddress: localhost:60858}, goog:processID: 36916, networkConnectionEnabled: false, pageLoadStrategy: normal, platformName: windows, proxy: Proxy(), se:cdp: ws://localhost:60858/devtoo..., se:cdpVersion: 150.0.7871.47, setWindowRect: true, strictFileInteractability: false, timeouts: {implicit: 0, pageLoad: 300000, script: 30000}, unhandledPromptBehavior: dismiss and notify, webauthn:extension:credBlob: true, webauthn:extension:largeBlob: true, webauthn:extension:minPinLength: true, webauthn:extension:prf: true, webauthn:virtualAuthenticators: true}
Session ID: 858713f061e897680359dc69ff611ce1
at java.base/jdk.internal.reflect.DirectConstructorHandleAccessor.newInstance(DirectConstructorHandleAccessor.java:62)
at java.base/java.lang.reflect.Constructor.newInstanceWithCaller(Constructor.java:502)
at java.base/java.lang.reflect.Constructor.newInstance(Constructor.java:486)
at org.openqa.selenium.remote.ErrorCodec.decode(ErrorCodec.java:167)
at org.openqa.selenium.remote.codec.w3c.W3CHttpResponseCodec.decode(W3CHttpResponseCodec.java:138)
at org.openqa.selenium.remote.codec.w3c.W3CHttpResponseCodec.decode(W3CHttpResponseCodec.java:50)
at org.openqa.selenium.remote.HttpCommandExecutor.execute(HttpCommandExecutor.java:215)
at org.openqa.selenium.remote.service.DriverCommandExecutor.invokeExecute(DriverCommandExecutor.java:216)
at org.openqa.selenium.remote.service.DriverCommandExecutor.execute(DriverCommandExecutor.java:174)
at org.openqa.selenium.remote.RemoteWebDriver.execute(RemoteWebDriver.java:544)
at org.openqa.selenium.remote.ElementLocation$ElementFinder$2.findElement(ElementLocation.java:165)
at org.openqa.selenium.remote.ElementLocation.findElement(ElementLocation.java:59)
at org.openqa.selenium.remote.RemoteWebDriver.findElement(RemoteWebDriver.java:367)
at org.openqa.selenium.remote.RemoteWebDriver.findElement(RemoteWebDriver.java:361)
at org.openqa.selenium.support.pagefactory.DefaultElementLocator.findElement(DefaultElementLocator.java:68)
at org.openqa.selenium.support.pagefactory.internal.LocatingElementHandler.invoke(LocatingElementHandler.java:38)
at jdk.proxy2/jdk.proxy2.$Proxy31.click(Unknown Source)
at pages.RegisterPage.clickSignup(RegisterPage.java:78)
at stepDefinitions.RegisterSteps.signup(RegisterSteps.java:24)
at ✽.User clicks SignUp Login button(file:///C:/Users/AS20696736/git/repository2/AutomationExerciseProject/src/test/resources/features/Register.feature:7)
]]>
    </error>
  </testcase> <!-- runScenario -->
  <testcase classname="runners.TestRunner" name="runScenario" time="12.395"/>
  <testcase classname="runners.TestRunner" name="runScenario" time="19.056"/>
  <testcase classname="runners.TestRunner" name="runScenario" time="68.962"/>
  <testcase classname="runners.TestRunner" name="runScenario" time="19.488">
    <error message="no such element: Unable to locate element: {&quot;method&quot;:&quot;xpath&quot;,&quot;selector&quot;:&quot;//a[text()=&#039; Signup / Login&#039;]&quot;}
  (Session info: chrome=150.0.7871.47)
For documentation on this error, please visit: https://www.selenium.dev/documentation/webdriver/troubleshooting/errors#no-such-element-exception
Build info: version: &#039;4.33.0&#039;, revision: &#039;2c6aaad03a&#039;
System info: os.name: &#039;Windows 11&#039;, os.arch: &#039;amd64&#039;, os.version: &#039;10.0&#039;, java.version: &#039;21.0.9&#039;
Driver info: org.openqa.selenium.chrome.ChromeDriver
Command: [585812a4f154cf3a877efa77173bfa5b, findElement {using=xpath, value=//a[text()=&#039; Signup / Login&#039;]}]
Capabilities {acceptInsecureCerts: false, browserName: chrome, browserVersion: 150.0.7871.47, chrome: {chromedriverVersion: 150.0.7871.49 (7ab03afd1c99..., userDataDir: C:\Users\AS2069~1\AppData\L...}, fedcm:accounts: true, goog:chromeOptions: {debuggerAddress: localhost:51567}, goog:processID: 30840, networkConnectionEnabled: false, pageLoadStrategy: normal, platformName: windows, proxy: Proxy(), se:cdp: ws://localhost:51567/devtoo..., se:cdpVersion: 150.0.7871.47, setWindowRect: true, strictFileInteractability: false, timeouts: {implicit: 0, pageLoad: 300000, script: 30000}, unhandledPromptBehavior: dismiss and notify, webauthn:extension:credBlob: true, webauthn:extension:largeBlob: true, webauthn:extension:minPinLength: true, webauthn:extension:prf: true, webauthn:virtualAuthenticators: true}
Session ID: 585812a4f154cf3a877efa77173bfa5b" type="org.openqa.selenium.NoSuchElementException">
      <![CDATA[org.openqa.selenium.NoSuchElementException: no such element: Unable to locate element: {"method":"xpath","selector":"//a[text()=' Signup / Login']"}
  (Session info: chrome=150.0.7871.47)
For documentation on this error, please visit: https://www.selenium.dev/documentation/webdriver/troubleshooting/errors#no-such-element-exception
Build info: version: '4.33.0', revision: '2c6aaad03a'
System info: os.name: 'Windows 11', os.arch: 'amd64', os.version: '10.0', java.version: '21.0.9'
Driver info: org.openqa.selenium.chrome.ChromeDriver
Command: [585812a4f154cf3a877efa77173bfa5b, findElement {using=xpath, value=//a[text()=' Signup / Login']}]
Capabilities {acceptInsecureCerts: false, browserName: chrome, browserVersion: 150.0.7871.47, chrome: {chromedriverVersion: 150.0.7871.49 (7ab03afd1c99..., userDataDir: C:\Users\AS2069~1\AppData\L...}, fedcm:accounts: true, goog:chromeOptions: {debuggerAddress: localhost:51567}, goog:processID: 30840, networkConnectionEnabled: false, pageLoadStrategy: normal, platformName: windows, proxy: Proxy(), se:cdp: ws://localhost:51567/devtoo..., se:cdpVersion: 150.0.7871.47, setWindowRect: true, strictFileInteractability: false, timeouts: {implicit: 0, pageLoad: 300000, script: 30000}, unhandledPromptBehavior: dismiss and notify, webauthn:extension:credBlob: true, webauthn:extension:largeBlob: true, webauthn:extension:minPinLength: true, webauthn:extension:prf: true, webauthn:virtualAuthenticators: true}
Session ID: 585812a4f154cf3a877efa77173bfa5b
at java.base/jdk.internal.reflect.DirectConstructorHandleAccessor.newInstance(DirectConstructorHandleAccessor.java:62)
at java.base/java.lang.reflect.Constructor.newInstanceWithCaller(Constructor.java:502)
at java.base/java.lang.reflect.Constructor.newInstance(Constructor.java:486)
at org.openqa.selenium.remote.ErrorCodec.decode(ErrorCodec.java:167)
at org.openqa.selenium.remote.codec.w3c.W3CHttpResponseCodec.decode(W3CHttpResponseCodec.java:138)
at org.openqa.selenium.remote.codec.w3c.W3CHttpResponseCodec.decode(W3CHttpResponseCodec.java:50)
at org.openqa.selenium.remote.HttpCommandExecutor.execute(HttpCommandExecutor.java:215)
at org.openqa.selenium.remote.service.DriverCommandExecutor.invokeExecute(DriverCommandExecutor.java:216)
at org.openqa.selenium.remote.service.DriverCommandExecutor.execute(DriverCommandExecutor.java:174)
at org.openqa.selenium.remote.RemoteWebDriver.execute(RemoteWebDriver.java:544)
at org.openqa.selenium.remote.ElementLocation$ElementFinder$2.findElement(ElementLocation.java:165)
at org.openqa.selenium.remote.ElementLocation.findElement(ElementLocation.java:59)
at org.openqa.selenium.remote.RemoteWebDriver.findElement(RemoteWebDriver.java:367)
at org.openqa.selenium.remote.RemoteWebDriver.findElement(RemoteWebDriver.java:361)
at org.openqa.selenium.support.pagefactory.DefaultElementLocator.findElement(DefaultElementLocator.java:68)
at org.openqa.selenium.support.pagefactory.internal.LocatingElementHandler.invoke(LocatingElementHandler.java:38)
at jdk.proxy2/jdk.proxy2.$Proxy31.click(Unknown Source)
at pages.RegisterPage.clickSignup(RegisterPage.java:78)
at stepDefinitions.RegisterSteps.signup(RegisterSteps.java:24)
at ✽.User clicks SignUp Login button(file:///C:/Users/AS20696736/git/repository2/AutomationExerciseProject/src/test/resources/features/Login.feature:18)
]]>
    </error>
  </testcase> <!-- runScenario -->
  <testcase classname="runners.TestRunner" name="runScenario" time="13.012"/>
  <testcase classname="runners.TestRunner" name="runScenario" time="13.009"/>
  <testcase classname="runners.TestRunner" name="runScenario" time="34.408"/>
</testsuite> <!-- runners.TestRunner -->
